{
  "stats": {
    "suites": 12,
    "tests": 41,
    "passes": 1,
    "pending": 0,
    "failures": 40,
    "start": "2021-09-12T02:45:17.115Z",
    "end": "2021-09-12T02:48:10.419Z",
    "duration": 173304,
    "testsRegistered": 41,
    "passPercent": 2.4390243902439024,
    "pendingPercent": 0,
    "other": 0,
    "hasOther": false,
    "skipped": 0,
    "hasSkipped": false
  },
  "results": [
    {
      "uuid": "7dc785dd-f68c-4f9e-9b8a-5aabdc16d400",
      "title": "",
      "fullFile": "cypress/integration/project.spec.js",
      "file": "cypress/integration/project.spec.js",
      "beforeHooks": [],
      "afterHooks": [],
      "tests": [],
      "suites": [
        {
          "uuid": "35174851-cc48-4ad3-95b3-21bb0938362b",
          "title": "1 - Adicione à página o título \"Paleta de Cores\".",
          "fullFile": "",
          "file": "",
          "beforeHooks": [],
          "afterHooks": [],
          "tests": [
            {
              "title": "Verifica se contém um elemento `h1` com o id `title` com o título correto",
              "fullTitle": "1 - Adicione à página o título \"Paleta de Cores\". Verifica se contém um elemento `h1` com o id `title` com o título correto",
              "timedOut": null,
              "duration": 137,
              "state": "passed",
              "speed": "slow",
              "pass": true,
              "fail": false,
              "pending": false,
              "context": null,
              "code": "cy.get('h1#title').should('contain.text', 'Paleta de Cores');",
              "err": {},
              "uuid": "3d6ed8dd-efef-4c4f-890d-a2e2511181b4",
              "parentUUID": "35174851-cc48-4ad3-95b3-21bb0938362b",
              "isHook": false,
              "skipped": false
            }
          ],
          "suites": [],
          "passes": [
            "3d6ed8dd-efef-4c4f-890d-a2e2511181b4"
          ],
          "failures": [],
          "pending": [],
          "skipped": [],
          "duration": 137,
          "root": false,
          "rootEmpty": false,
          "_timeout": 2000
        },
        {
          "uuid": "e918320d-8c92-474b-ac45-7f96a80ee495",
          "title": "2 - Adicione à página uma paleta de quatro cores distintas.",
          "fullFile": "",
          "file": "",
          "beforeHooks": [],
          "afterHooks": [],
          "tests": [
            {
              "title": "A paleta de cores deve ser um elemento com `id` denominado `color-palette`",
              "fullTitle": "2 - Adicione à página uma paleta de quatro cores distintas. A paleta de cores deve ser um elemento com `id` denominado `color-palette`",
              "timedOut": null,
              "duration": 4254,
              "state": "failed",
              "speed": null,
              "pass": false,
              "fail": true,
              "pending": false,
              "context": null,
              "code": "cy.get('#color-palette').should('be.visible');\ncy.get('#color-palette').children('.color');",
              "err": {
                "message": "CypressError: Timed out retrying: Expected to find element: '#color-palette', but never found it.",
                "estack": "CypressError: Timed out retrying: Expected to find element: '#color-palette', but never found it.\n    at cypressErr (http://localhost:43401/__cypress/runner/cypress_runner.js:149934:9)\n    at throwErr (http://localhost:43401/__cypress/runner/cypress_runner.js:149867:11)\n    at Object.throwErrByPath (http://localhost:43401/__cypress/runner/cypress_runner.js:149915:3)\n    at retry (http://localhost:43401/__cypress/runner/cypress_runner.js:144197:19)\n    at onFailFn (http://localhost:43401/__cypress/runner/cypress_runner.js:132448:16)\n    at tryCatcher (http://localhost:43401/__cypress/runner/cypress_runner.js:167415:23)\n    at Promise._settlePromiseFromHandler (http://localhost:43401/__cypress/runner/cypress_runner.js:165351:31)\n    at Promise._settlePromise (http://localhost:43401/__cypress/runner/cypress_runner.js:165408:18)\n    at Promise._settlePromise0 (http://localhost:43401/__cypress/runner/cypress_runner.js:165453:10)\n    at Promise._settlePromises (http://localhost:43401/__cypress/runner/cypress_runner.js:165528:18)\n    at Async../node_modules/bluebird/js/release/async.js.Async._drainQueue (http://localhost:43401/__cypress/runner/cypress_runner.js:162140:16)\n    at Async../node_modules/bluebird/js/release/async.js.Async._drainQueues (http://localhost:43401/__cypress/runner/cypress_runner.js:162150:10)\n    at Async.drainQueues (http://localhost:43401/__cypress/runner/cypress_runner.js:162024:14)",
                "diff": null
              },
              "uuid": "381a7860-36b6-492c-bfb3-a107b3717500",
              "parentUUID": "e918320d-8c92-474b-ac45-7f96a80ee495",
              "isHook": false,
              "skipped": false
            },
            {
              "title": "Verifica se cada cor individual da paleta de cores possui a `classe` chamada `color`.",
              "fullTitle": "2 - Adicione à página uma paleta de quatro cores distintas. Verifica se cada cor individual da paleta de cores possui a `classe` chamada `color`.",
              "timedOut": null,
              "duration": 4304,
              "state": "failed",
              "speed": null,
              "pass": false,
              "fail": true,
              "pending": false,
              "context": null,
              "code": "cy.get('.color').should('have.length', 4).then(function (colors) {\n  for (var i = 0; i < colors.length; i++) {\n    cy.wrap(colors[i]).should('be.visible');\n  }\n});",
              "err": {
                "message": "CypressError: Timed out retrying: Expected to find element: '.color', but never found it.",
                "estack": "CypressError: Timed out retrying: Expected to find element: '.color', but never found it.\n    at cypressErr (http://localhost:43401/__cypress/runner/cypress_runner.js:149934:9)\n    at throwErr (http://localhost:43401/__cypress/runner/cypress_runner.js:149867:11)\n    at Object.throwErrByPath (http://localhost:43401/__cypress/runner/cypress_runner.js:149915:3)\n    at retry (http://localhost:43401/__cypress/runner/cypress_runner.js:144197:19)\n    at onFailFn (http://localhost:43401/__cypress/runner/cypress_runner.js:132448:16)\n    at tryCatcher (http://localhost:43401/__cypress/runner/cypress_runner.js:167415:23)\n    at Promise._settlePromiseFromHandler (http://localhost:43401/__cypress/runner/cypress_runner.js:165351:31)\n    at Promise._settlePromise (http://localhost:43401/__cypress/runner/cypress_runner.js:165408:18)\n    at Promise._settlePromise0 (http://localhost:43401/__cypress/runner/cypress_runner.js:165453:10)\n    at Promise._settlePromises (http://localhost:43401/__cypress/runner/cypress_runner.js:165528:18)\n    at Async../node_modules/bluebird/js/release/async.js.Async._drainQueue (http://localhost:43401/__cypress/runner/cypress_runner.js:162140:16)\n    at Async../node_modules/bluebird/js/release/async.js.Async._drainQueues (http://localhost:43401/__cypress/runner/cypress_runner.js:162150:10)\n    at Async.drainQueues (http://localhost:43401/__cypress/runner/cypress_runner.js:162024:14)",
                "diff": null
              },
              "uuid": "5b65c2fe-e4f2-4299-935f-8c7da6ecaf36",
              "parentUUID": "e918320d-8c92-474b-ac45-7f96a80ee495",
              "isHook": false,
              "skipped": false
            },
            {
              "title": "Verifica se a cor de fundo de cada elemento da paleta é a cor que o elemento representa. **A única cor não permitida na paleta é a cor branca.**",
              "fullTitle": "2 - Adicione à página uma paleta de quatro cores distintas. Verifica se a cor de fundo de cada elemento da paleta é a cor que o elemento representa. **A única cor não permitida na paleta é a cor branca.**",
              "timedOut": null,
              "duration": 4262,
              "state": "failed",
              "speed": null,
              "pass": false,
              "fail": true,
              "pending": false,
              "context": null,
              "code": "cy.get('.color').each(function (color) {\n  cy.wrap(color).should('have.class', 'color').and('not.have.css', 'background-color', WHITE);\n  cy.wrap(color).should('have.css', 'background-color');\n});",
              "err": {
                "message": "CypressError: Timed out retrying: Expected to find element: '.color', but never found it.",
                "estack": "CypressError: Timed out retrying: Expected to find element: '.color', but never found it.\n    at cypressErr (http://localhost:43401/__cypress/runner/cypress_runner.js:149934:9)\n    at throwErr (http://localhost:43401/__cypress/runner/cypress_runner.js:149867:11)\n    at Object.throwErrByPath (http://localhost:43401/__cypress/runner/cypress_runner.js:149915:3)\n    at retry (http://localhost:43401/__cypress/runner/cypress_runner.js:144197:19)\n    at onFailFn (http://localhost:43401/__cypress/runner/cypress_runner.js:132448:16)\n    at tryCatcher (http://localhost:43401/__cypress/runner/cypress_runner.js:167415:23)\n    at Promise._settlePromiseFromHandler (http://localhost:43401/__cypress/runner/cypress_runner.js:165351:31)\n    at Promise._settlePromise (http://localhost:43401/__cypress/runner/cypress_runner.js:165408:18)\n    at Promise._settlePromise0 (http://localhost:43401/__cypress/runner/cypress_runner.js:165453:10)\n    at Promise._settlePromises (http://localhost:43401/__cypress/runner/cypress_runner.js:165528:18)\n    at Async../node_modules/bluebird/js/release/async.js.Async._drainQueue (http://localhost:43401/__cypress/runner/cypress_runner.js:162140:16)\n    at Async../node_modules/bluebird/js/release/async.js.Async._drainQueues (http://localhost:43401/__cypress/runner/cypress_runner.js:162150:10)\n    at Async.drainQueues (http://localhost:43401/__cypress/runner/cypress_runner.js:162024:14)",
                "diff": null
              },
              "uuid": "d3449bbc-59c3-49d8-8af4-44ca1d379a60",
              "parentUUID": "e918320d-8c92-474b-ac45-7f96a80ee495",
              "isHook": false,
              "skipped": false
            },
            {
              "title": "Verifica se cada elemento da paleta de cores tem uma borda preta, sólida e com 1 pixel de largura;",
              "fullTitle": "2 - Adicione à página uma paleta de quatro cores distintas. Verifica se cada elemento da paleta de cores tem uma borda preta, sólida e com 1 pixel de largura;",
              "timedOut": null,
              "duration": 4222,
              "state": "failed",
              "speed": null,
              "pass": false,
              "fail": true,
              "pending": false,
              "context": null,
              "code": "cy.get('.color').each(function (color) {\n  cy.wrap(color).and('have.css', 'border', \"1px solid \".concat(BLACK)).and('have.class', 'color');\n});",
              "err": {
                "message": "CypressError: Timed out retrying: Expected to find element: '.color', but never found it.",
                "estack": "CypressError: Timed out retrying: Expected to find element: '.color', but never found it.\n    at cypressErr (http://localhost:43401/__cypress/runner/cypress_runner.js:149934:9)\n    at throwErr (http://localhost:43401/__cypress/runner/cypress_runner.js:149867:11)\n    at Object.throwErrByPath (http://localhost:43401/__cypress/runner/cypress_runner.js:149915:3)\n    at retry (http://localhost:43401/__cypress/runner/cypress_runner.js:144197:19)\n    at onFailFn (http://localhost:43401/__cypress/runner/cypress_runner.js:132448:16)\n    at tryCatcher (http://localhost:43401/__cypress/runner/cypress_runner.js:167415:23)\n    at Promise._settlePromiseFromHandler (http://localhost:43401/__cypress/runner/cypress_runner.js:165351:31)\n    at Promise._settlePromise (http://localhost:43401/__cypress/runner/cypress_runner.js:165408:18)\n    at Promise._settlePromise0 (http://localhost:43401/__cypress/runner/cypress_runner.js:165453:10)\n    at Promise._settlePromises (http://localhost:43401/__cypress/runner/cypress_runner.js:165528:18)\n    at Async../node_modules/bluebird/js/release/async.js.Async._drainQueue (http://localhost:43401/__cypress/runner/cypress_runner.js:162140:16)\n    at Async../node_modules/bluebird/js/release/async.js.Async._drainQueues (http://localhost:43401/__cypress/runner/cypress_runner.js:162150:10)\n    at Async.drainQueues (http://localhost:43401/__cypress/runner/cypress_runner.js:162024:14)",
                "diff": null
              },
              "uuid": "f8f30b03-6a39-4c2e-b1d4-19b931db9600",
              "parentUUID": "e918320d-8c92-474b-ac45-7f96a80ee495",
              "isHook": false,
              "skipped": false
            },
            {
              "title": "Verifica se a paleta lista todas as cores disponíveis para utilização, lado a lado.",
              "fullTitle": "2 - Adicione à página uma paleta de quatro cores distintas. Verifica se a paleta lista todas as cores disponíveis para utilização, lado a lado.",
              "timedOut": null,
              "duration": 4288,
              "state": "failed",
              "speed": null,
              "pass": false,
              "fail": true,
              "pending": false,
              "context": null,
              "code": "cy.get('.color').then(function (colors) {\n  for (var index = 1; index < colors.length; index += 1) {\n    var currentColor = colors[index];\n    var previousColor = colors[index - 1];\n    cy.wrap(currentColor).should('be.onTheRightOf', previousColor).and('be.horizontallyAlignedWith', previousColor);\n  }\n});",
              "err": {
                "message": "CypressError: Timed out retrying: Expected to find element: '.color', but never found it.",
                "estack": "CypressError: Timed out retrying: Expected to find element: '.color', but never found it.\n    at cypressErr (http://localhost:43401/__cypress/runner/cypress_runner.js:149934:9)\n    at throwErr (http://localhost:43401/__cypress/runner/cypress_runner.js:149867:11)\n    at Object.throwErrByPath (http://localhost:43401/__cypress/runner/cypress_runner.js:149915:3)\n    at retry (http://localhost:43401/__cypress/runner/cypress_runner.js:144197:19)\n    at onFailFn (http://localhost:43401/__cypress/runner/cypress_runner.js:132448:16)\n    at tryCatcher (http://localhost:43401/__cypress/runner/cypress_runner.js:167415:23)\n    at Promise._settlePromiseFromHandler (http://localhost:43401/__cypress/runner/cypress_runner.js:165351:31)\n    at Promise._settlePromise (http://localhost:43401/__cypress/runner/cypress_runner.js:165408:18)\n    at Promise._settlePromise0 (http://localhost:43401/__cypress/runner/cypress_runner.js:165453:10)\n    at Promise._settlePromises (http://localhost:43401/__cypress/runner/cypress_runner.js:165528:18)\n    at Async../node_modules/bluebird/js/release/async.js.Async._drainQueue (http://localhost:43401/__cypress/runner/cypress_runner.js:162140:16)\n    at Async../node_modules/bluebird/js/release/async.js.Async._drainQueues (http://localhost:43401/__cypress/runner/cypress_runner.js:162150:10)\n    at Async.drainQueues (http://localhost:43401/__cypress/runner/cypress_runner.js:162024:14)",
                "diff": null
              },
              "uuid": "73ede745-457d-42d2-aaaa-532db1aee215",
              "parentUUID": "e918320d-8c92-474b-ac45-7f96a80ee495",
              "isHook": false,
              "skipped": false
            },
            {
              "title": "Verifica se a paleta de cores está posicionada abaixo do título 'Paleta de Cores'",
              "fullTitle": "2 - Adicione à página uma paleta de quatro cores distintas. Verifica se a paleta de cores está posicionada abaixo do título 'Paleta de Cores'",
              "timedOut": null,
              "duration": 4245,
              "state": "failed",
              "speed": null,
              "pass": false,
              "fail": true,
              "pending": false,
              "context": null,
              "code": "cy.get('h1#title').then(function (title) {\n  cy.get('#color-palette').should('be.belowOf', title);\n});",
              "err": {
                "message": "CypressError: Timed out retrying: Expected to find element: '#color-palette', but never found it.",
                "estack": "CypressError: Timed out retrying: Expected to find element: '#color-palette', but never found it.\n    at cypressErr (http://localhost:43401/__cypress/runner/cypress_runner.js:149934:9)\n    at throwErr (http://localhost:43401/__cypress/runner/cypress_runner.js:149867:11)\n    at Object.throwErrByPath (http://localhost:43401/__cypress/runner/cypress_runner.js:149915:3)\n    at retry (http://localhost:43401/__cypress/runner/cypress_runner.js:144197:19)\n    at onFailFn (http://localhost:43401/__cypress/runner/cypress_runner.js:132448:16)\n    at tryCatcher (http://localhost:43401/__cypress/runner/cypress_runner.js:167415:23)\n    at Promise._settlePromiseFromHandler (http://localhost:43401/__cypress/runner/cypress_runner.js:165351:31)\n    at Promise._settlePromise (http://localhost:43401/__cypress/runner/cypress_runner.js:165408:18)\n    at Promise._settlePromise0 (http://localhost:43401/__cypress/runner/cypress_runner.js:165453:10)\n    at Promise._settlePromises (http://localhost:43401/__cypress/runner/cypress_runner.js:165528:18)\n    at Async../node_modules/bluebird/js/release/async.js.Async._drainQueue (http://localhost:43401/__cypress/runner/cypress_runner.js:162140:16)\n    at Async../node_modules/bluebird/js/release/async.js.Async._drainQueues (http://localhost:43401/__cypress/runner/cypress_runner.js:162150:10)\n    at Async.drainQueues (http://localhost:43401/__cypress/runner/cypress_runner.js:162024:14)",
                "diff": null
              },
              "uuid": "9655bc65-87e7-4cbe-a8c3-edc838284c41",
              "parentUUID": "e918320d-8c92-474b-ac45-7f96a80ee495",
              "isHook": false,
              "skipped": false
            },
            {
              "title": "Verifica se a paleta de cores não contém cores repetidas.",
              "fullTitle": "2 - Adicione à página uma paleta de quatro cores distintas. Verifica se a paleta de cores não contém cores repetidas.",
              "timedOut": null,
              "duration": 4291,
              "state": "failed",
              "speed": null,
              "pass": false,
              "fail": true,
              "pending": false,
              "context": null,
              "code": "cy.get('.color').then(function (colors) {\n  var allColors = Array.from(colors).map(function (color) {\n    return Cypress.$(color).css('background-color');\n  });\n  cy.log(allColors);\n  var uniqColors = (0, _toConsumableArray2[\"default\"])(new Set(allColors));\n  cy.log(uniqColors);\n  expect(allColors.length).to.eq(uniqColors.length);\n});",
              "err": {
                "message": "CypressError: Timed out retrying: Expected to find element: '.color', but never found it.",
                "estack": "CypressError: Timed out retrying: Expected to find element: '.color', but never found it.\n    at cypressErr (http://localhost:43401/__cypress/runner/cypress_runner.js:149934:9)\n    at throwErr (http://localhost:43401/__cypress/runner/cypress_runner.js:149867:11)\n    at Object.throwErrByPath (http://localhost:43401/__cypress/runner/cypress_runner.js:149915:3)\n    at retry (http://localhost:43401/__cypress/runner/cypress_runner.js:144197:19)\n    at onFailFn (http://localhost:43401/__cypress/runner/cypress_runner.js:132448:16)\n    at tryCatcher (http://localhost:43401/__cypress/runner/cypress_runner.js:167415:23)\n    at Promise._settlePromiseFromHandler (http://localhost:43401/__cypress/runner/cypress_runner.js:165351:31)\n    at Promise._settlePromise (http://localhost:43401/__cypress/runner/cypress_runner.js:165408:18)\n    at Promise._settlePromise0 (http://localhost:43401/__cypress/runner/cypress_runner.js:165453:10)\n    at Promise._settlePromises (http://localhost:43401/__cypress/runner/cypress_runner.js:165528:18)\n    at Async../node_modules/bluebird/js/release/async.js.Async._drainQueue (http://localhost:43401/__cypress/runner/cypress_runner.js:162140:16)\n    at Async../node_modules/bluebird/js/release/async.js.Async._drainQueues (http://localhost:43401/__cypress/runner/cypress_runner.js:162150:10)\n    at Async.drainQueues (http://localhost:43401/__cypress/runner/cypress_runner.js:162024:14)",
                "diff": null
              },
              "uuid": "b71517d0-7551-4eb8-8448-0c28ae6baea3",
              "parentUUID": "e918320d-8c92-474b-ac45-7f96a80ee495",
              "isHook": false,
              "skipped": false
            }
          ],
          "suites": [],
          "passes": [],
          "failures": [
            "381a7860-36b6-492c-bfb3-a107b3717500",
            "5b65c2fe-e4f2-4299-935f-8c7da6ecaf36",
            "d3449bbc-59c3-49d8-8af4-44ca1d379a60",
            "f8f30b03-6a39-4c2e-b1d4-19b931db9600",
            "73ede745-457d-42d2-aaaa-532db1aee215",
            "9655bc65-87e7-4cbe-a8c3-edc838284c41",
            "b71517d0-7551-4eb8-8448-0c28ae6baea3"
          ],
          "pending": [],
          "skipped": [],
          "duration": 29866,
          "root": false,
          "rootEmpty": false,
          "_timeout": 2000
        },
        {
          "uuid": "7f27f8ef-d3d8-4fb7-a936-c9dc4ad6d073",
          "title": "3 - Adicione a cor **preta** como a primeira cor da paleta de cores.",
          "fullFile": "",
          "file": "",
          "beforeHooks": [],
          "afterHooks": [],
          "tests": [
            {
              "title": "Verifica se a primeira cor da paleta é preta",
              "fullTitle": "3 - Adicione a cor **preta** como a primeira cor da paleta de cores. Verifica se a primeira cor da paleta é preta",
              "timedOut": null,
              "duration": 4323,
              "state": "failed",
              "speed": null,
              "pass": false,
              "fail": true,
              "pending": false,
              "context": null,
              "code": "cy.get('.color').first().should('have.css', 'background-color', BLACK);",
              "err": {
                "message": "CypressError: Timed out retrying: Expected to find element: '.color', but never found it.",
                "estack": "CypressError: Timed out retrying: Expected to find element: '.color', but never found it.\n    at cypressErr (http://localhost:43401/__cypress/runner/cypress_runner.js:149934:9)\n    at throwErr (http://localhost:43401/__cypress/runner/cypress_runner.js:149867:11)\n    at Object.throwErrByPath (http://localhost:43401/__cypress/runner/cypress_runner.js:149915:3)\n    at retry (http://localhost:43401/__cypress/runner/cypress_runner.js:144197:19)\n    at onFailFn (http://localhost:43401/__cypress/runner/cypress_runner.js:132448:16)\n    at tryCatcher (http://localhost:43401/__cypress/runner/cypress_runner.js:167415:23)\n    at Promise._settlePromiseFromHandler (http://localhost:43401/__cypress/runner/cypress_runner.js:165351:31)\n    at Promise._settlePromise (http://localhost:43401/__cypress/runner/cypress_runner.js:165408:18)\n    at Promise._settlePromise0 (http://localhost:43401/__cypress/runner/cypress_runner.js:165453:10)\n    at Promise._settlePromises (http://localhost:43401/__cypress/runner/cypress_runner.js:165528:18)\n    at Async../node_modules/bluebird/js/release/async.js.Async._drainQueue (http://localhost:43401/__cypress/runner/cypress_runner.js:162140:16)\n    at Async../node_modules/bluebird/js/release/async.js.Async._drainQueues (http://localhost:43401/__cypress/runner/cypress_runner.js:162150:10)\n    at Async.drainQueues (http://localhost:43401/__cypress/runner/cypress_runner.js:162024:14)",
                "diff": null
              },
              "uuid": "6cc6a66b-d1fc-489f-90ed-076c72825787",
              "parentUUID": "7f27f8ef-d3d8-4fb7-a936-c9dc4ad6d073",
              "isHook": false,
              "skipped": false
            },
            {
              "title": "Verifica se as demais cores podem ser escolhidas livremente.",
              "fullTitle": "3 - Adicione a cor **preta** como a primeira cor da paleta de cores. Verifica se as demais cores podem ser escolhidas livremente.",
              "timedOut": null,
              "duration": 4395,
              "state": "failed",
              "speed": null,
              "pass": false,
              "fail": true,
              "pending": false,
              "context": null,
              "code": "cy.get('.color').eq(1).should('not.have.css', 'background-color', BLACK);\ncy.get('.color').eq(1).should('not.have.css', 'background-color', WHITE);\ncy.get('.color').eq(1).should('not.have.css', 'background-color', 'rgba(0, 0, 0, 0)');\ncy.get('.color').eq(1).should('have.css', 'background-color');\ncy.get('.color').eq(2).should('not.have.css', 'background-color', BLACK);\ncy.get('.color').eq(2).should('not.have.css', 'background-color', WHITE);\ncy.get('.color').eq(2).should('not.have.css', 'background-color', 'rgba(0, 0, 0, 0)');\ncy.get('.color').eq(2).should('have.css', 'background-color');\ncy.get('.color').eq(3).should('not.have.css', 'background-color', BLACK);\ncy.get('.color').eq(3).should('not.have.css', 'background-color', WHITE);\ncy.get('.color').eq(3).should('not.have.css', 'background-color', 'rgba(0, 0, 0, 0)');\ncy.get('.color').eq(3).should('have.css', 'background-color');",
              "err": {
                "message": "CypressError: Timed out retrying: Expected to find element: '.color', but never found it.",
                "estack": "CypressError: Timed out retrying: Expected to find element: '.color', but never found it.\n    at cypressErr (http://localhost:43401/__cypress/runner/cypress_runner.js:149934:9)\n    at throwErr (http://localhost:43401/__cypress/runner/cypress_runner.js:149867:11)\n    at Object.throwErrByPath (http://localhost:43401/__cypress/runner/cypress_runner.js:149915:3)\n    at retry (http://localhost:43401/__cypress/runner/cypress_runner.js:144197:19)\n    at onFailFn (http://localhost:43401/__cypress/runner/cypress_runner.js:132448:16)\n    at tryCatcher (http://localhost:43401/__cypress/runner/cypress_runner.js:167415:23)\n    at Promise._settlePromiseFromHandler (http://localhost:43401/__cypress/runner/cypress_runner.js:165351:31)\n    at Promise._settlePromise (http://localhost:43401/__cypress/runner/cypress_runner.js:165408:18)\n    at Promise._settlePromise0 (http://localhost:43401/__cypress/runner/cypress_runner.js:165453:10)\n    at Promise._settlePromises (http://localhost:43401/__cypress/runner/cypress_runner.js:165528:18)\n    at Async../node_modules/bluebird/js/release/async.js.Async._drainQueue (http://localhost:43401/__cypress/runner/cypress_runner.js:162140:16)\n    at Async../node_modules/bluebird/js/release/async.js.Async._drainQueues (http://localhost:43401/__cypress/runner/cypress_runner.js:162150:10)\n    at Async.drainQueues (http://localhost:43401/__cypress/runner/cypress_runner.js:162024:14)",
                "diff": null
              },
              "uuid": "27d14791-4f40-4a8b-961f-ebf7d18d7d70",
              "parentUUID": "7f27f8ef-d3d8-4fb7-a936-c9dc4ad6d073",
              "isHook": false,
              "skipped": false
            }
          ],
          "suites": [],
          "passes": [],
          "failures": [
            "6cc6a66b-d1fc-489f-90ed-076c72825787",
            "27d14791-4f40-4a8b-961f-ebf7d18d7d70"
          ],
          "pending": [],
          "skipped": [],
          "duration": 8718,
          "root": false,
          "rootEmpty": false,
          "_timeout": 2000
        },
        {
          "uuid": "e5ae22bd-4d39-49fc-84fd-2d3ac1685374",
          "title": "4 - Adicione à página um quadro de pixels, com 25 pixels.",
          "fullFile": "",
          "file": "",
          "beforeHooks": [],
          "afterHooks": [],
          "tests": [
            {
              "title": "Verifica se o quadro de pixels possui o `id` denominado `pixel-board`",
              "fullTitle": "4 - Adicione à página um quadro de pixels, com 25 pixels. Verifica se o quadro de pixels possui o `id` denominado `pixel-board`",
              "timedOut": null,
              "duration": 4253,
              "state": "failed",
              "speed": null,
              "pass": false,
              "fail": true,
              "pending": false,
              "context": null,
              "code": "cy.get('#pixel-board').should('be.visible');",
              "err": {
                "message": "CypressError: Timed out retrying: Expected to find element: '#pixel-board', but never found it.",
                "estack": "CypressError: Timed out retrying: Expected to find element: '#pixel-board', but never found it.\n    at cypressErr (http://localhost:43401/__cypress/runner/cypress_runner.js:149934:9)\n    at throwErr (http://localhost:43401/__cypress/runner/cypress_runner.js:149867:11)\n    at Object.throwErrByPath (http://localhost:43401/__cypress/runner/cypress_runner.js:149915:3)\n    at retry (http://localhost:43401/__cypress/runner/cypress_runner.js:144197:19)\n    at onFailFn (http://localhost:43401/__cypress/runner/cypress_runner.js:132448:16)\n    at tryCatcher (http://localhost:43401/__cypress/runner/cypress_runner.js:167415:23)\n    at Promise._settlePromiseFromHandler (http://localhost:43401/__cypress/runner/cypress_runner.js:165351:31)\n    at Promise._settlePromise (http://localhost:43401/__cypress/runner/cypress_runner.js:165408:18)\n    at Promise._settlePromise0 (http://localhost:43401/__cypress/runner/cypress_runner.js:165453:10)\n    at Promise._settlePromises (http://localhost:43401/__cypress/runner/cypress_runner.js:165528:18)\n    at Async../node_modules/bluebird/js/release/async.js.Async._drainQueue (http://localhost:43401/__cypress/runner/cypress_runner.js:162140:16)\n    at Async../node_modules/bluebird/js/release/async.js.Async._drainQueues (http://localhost:43401/__cypress/runner/cypress_runner.js:162150:10)\n    at Async.drainQueues (http://localhost:43401/__cypress/runner/cypress_runner.js:162024:14)",
                "diff": null
              },
              "uuid": "8837fd2d-5a89-4806-8c4a-ec5f70652783",
              "parentUUID": "e5ae22bd-4d39-49fc-84fd-2d3ac1685374",
              "isHook": false,
              "skipped": false
            },
            {
              "title": "Verifica se cada pixel individual dentro do quadro possui a `classe` denominada `pixel`.",
              "fullTitle": "4 - Adicione à página um quadro de pixels, com 25 pixels. Verifica se cada pixel individual dentro do quadro possui a `classe` denominada `pixel`.",
              "timedOut": null,
              "duration": 4327,
              "state": "failed",
              "speed": null,
              "pass": false,
              "fail": true,
              "pending": false,
              "context": null,
              "code": "cy.get('.pixel').should('have.length', 25);",
              "err": {
                "message": "CypressError: Timed out retrying: Expected to find element: '.pixel', but never found it.",
                "estack": "CypressError: Timed out retrying: Expected to find element: '.pixel', but never found it.\n    at cypressErr (http://localhost:43401/__cypress/runner/cypress_runner.js:149934:9)\n    at throwErr (http://localhost:43401/__cypress/runner/cypress_runner.js:149867:11)\n    at Object.throwErrByPath (http://localhost:43401/__cypress/runner/cypress_runner.js:149915:3)\n    at retry (http://localhost:43401/__cypress/runner/cypress_runner.js:144197:19)\n    at onFailFn (http://localhost:43401/__cypress/runner/cypress_runner.js:132448:16)\n    at tryCatcher (http://localhost:43401/__cypress/runner/cypress_runner.js:167415:23)\n    at Promise._settlePromiseFromHandler (http://localhost:43401/__cypress/runner/cypress_runner.js:165351:31)\n    at Promise._settlePromise (http://localhost:43401/__cypress/runner/cypress_runner.js:165408:18)\n    at Promise._settlePromise0 (http://localhost:43401/__cypress/runner/cypress_runner.js:165453:10)\n    at Promise._settlePromises (http://localhost:43401/__cypress/runner/cypress_runner.js:165528:18)\n    at Async../node_modules/bluebird/js/release/async.js.Async._drainQueue (http://localhost:43401/__cypress/runner/cypress_runner.js:162140:16)\n    at Async../node_modules/bluebird/js/release/async.js.Async._drainQueues (http://localhost:43401/__cypress/runner/cypress_runner.js:162150:10)\n    at Async.drainQueues (http://localhost:43401/__cypress/runner/cypress_runner.js:162024:14)",
                "diff": null
              },
              "uuid": "1f281e85-a309-415c-bcb4-4b7dd6a46b9d",
              "parentUUID": "e5ae22bd-4d39-49fc-84fd-2d3ac1685374",
              "isHook": false,
              "skipped": false
            },
            {
              "title": "Verifica se a cor inicial dos pixels dentro do quadro, ao abrir a página, é branca.",
              "fullTitle": "4 - Adicione à página um quadro de pixels, com 25 pixels. Verifica se a cor inicial dos pixels dentro do quadro, ao abrir a página, é branca.",
              "timedOut": null,
              "duration": 4332,
              "state": "failed",
              "speed": null,
              "pass": false,
              "fail": true,
              "pending": false,
              "context": null,
              "code": "cy.get('.pixel').should('have.length', 25).each(function (pixel) {\n  expect(pixel).to.have.css('background-color', WHITE);\n});",
              "err": {
                "message": "CypressError: Timed out retrying: Expected to find element: '.pixel', but never found it.",
                "estack": "CypressError: Timed out retrying: Expected to find element: '.pixel', but never found it.\n    at cypressErr (http://localhost:43401/__cypress/runner/cypress_runner.js:149934:9)\n    at throwErr (http://localhost:43401/__cypress/runner/cypress_runner.js:149867:11)\n    at Object.throwErrByPath (http://localhost:43401/__cypress/runner/cypress_runner.js:149915:3)\n    at retry (http://localhost:43401/__cypress/runner/cypress_runner.js:144197:19)\n    at onFailFn (http://localhost:43401/__cypress/runner/cypress_runner.js:132448:16)\n    at tryCatcher (http://localhost:43401/__cypress/runner/cypress_runner.js:167415:23)\n    at Promise._settlePromiseFromHandler (http://localhost:43401/__cypress/runner/cypress_runner.js:165351:31)\n    at Promise._settlePromise (http://localhost:43401/__cypress/runner/cypress_runner.js:165408:18)\n    at Promise._settlePromise0 (http://localhost:43401/__cypress/runner/cypress_runner.js:165453:10)\n    at Promise._settlePromises (http://localhost:43401/__cypress/runner/cypress_runner.js:165528:18)\n    at Async../node_modules/bluebird/js/release/async.js.Async._drainQueue (http://localhost:43401/__cypress/runner/cypress_runner.js:162140:16)\n    at Async../node_modules/bluebird/js/release/async.js.Async._drainQueues (http://localhost:43401/__cypress/runner/cypress_runner.js:162150:10)\n    at Async.drainQueues (http://localhost:43401/__cypress/runner/cypress_runner.js:162024:14)",
                "diff": null
              },
              "uuid": "2d062b97-3d43-45e3-90ed-be40c26c1a00",
              "parentUUID": "e5ae22bd-4d39-49fc-84fd-2d3ac1685374",
              "isHook": false,
              "skipped": false
            },
            {
              "title": "Verifica se o quadro de pixels aparece abaixo da paleta de cores",
              "fullTitle": "4 - Adicione à página um quadro de pixels, com 25 pixels. Verifica se o quadro de pixels aparece abaixo da paleta de cores",
              "timedOut": null,
              "duration": 4314,
              "state": "failed",
              "speed": null,
              "pass": false,
              "fail": true,
              "pending": false,
              "context": null,
              "code": "cy.get('#color-palette').then(function (palette) {\n  cy.get('#pixel-board').should('be.belowOf', palette);\n});",
              "err": {
                "message": "CypressError: Timed out retrying: Expected to find element: '#color-palette', but never found it.",
                "estack": "CypressError: Timed out retrying: Expected to find element: '#color-palette', but never found it.\n    at cypressErr (http://localhost:43401/__cypress/runner/cypress_runner.js:149934:9)\n    at throwErr (http://localhost:43401/__cypress/runner/cypress_runner.js:149867:11)\n    at Object.throwErrByPath (http://localhost:43401/__cypress/runner/cypress_runner.js:149915:3)\n    at retry (http://localhost:43401/__cypress/runner/cypress_runner.js:144197:19)\n    at onFailFn (http://localhost:43401/__cypress/runner/cypress_runner.js:132448:16)\n    at tryCatcher (http://localhost:43401/__cypress/runner/cypress_runner.js:167415:23)\n    at Promise._settlePromiseFromHandler (http://localhost:43401/__cypress/runner/cypress_runner.js:165351:31)\n    at Promise._settlePromise (http://localhost:43401/__cypress/runner/cypress_runner.js:165408:18)\n    at Promise._settlePromise0 (http://localhost:43401/__cypress/runner/cypress_runner.js:165453:10)\n    at Promise._settlePromises (http://localhost:43401/__cypress/runner/cypress_runner.js:165528:18)\n    at Async../node_modules/bluebird/js/release/async.js.Async._drainQueue (http://localhost:43401/__cypress/runner/cypress_runner.js:162140:16)\n    at Async../node_modules/bluebird/js/release/async.js.Async._drainQueues (http://localhost:43401/__cypress/runner/cypress_runner.js:162150:10)\n    at Async.drainQueues (http://localhost:43401/__cypress/runner/cypress_runner.js:162024:14)",
                "diff": null
              },
              "uuid": "a3fadc86-4fa9-446c-ab1a-655272ddc7fd",
              "parentUUID": "e5ae22bd-4d39-49fc-84fd-2d3ac1685374",
              "isHook": false,
              "skipped": false
            }
          ],
          "suites": [],
          "passes": [],
          "failures": [
            "8837fd2d-5a89-4806-8c4a-ec5f70652783",
            "1f281e85-a309-415c-bcb4-4b7dd6a46b9d",
            "2d062b97-3d43-45e3-90ed-be40c26c1a00",
            "a3fadc86-4fa9-446c-ab1a-655272ddc7fd"
          ],
          "pending": [],
          "skipped": [],
          "duration": 17226,
          "root": false,
          "rootEmpty": false,
          "_timeout": 2000
        },
        {
          "uuid": "0d150d9e-3674-440f-869c-030680e52b9e",
          "title": "5 - Faça com que cada elemento do quadro de pixels possua 40 pixels de largura, 40 pixels de altura e seja delimitado por uma borda preta de 1 pixel.",
          "fullFile": "",
          "file": "",
          "beforeHooks": [],
          "afterHooks": [],
          "tests": [
            {
              "title": "Verifica se o quadro de pixels tem altura e comprimento de 5 elementos",
              "fullTitle": "5 - Faça com que cada elemento do quadro de pixels possua 40 pixels de largura, 40 pixels de altura e seja delimitado por uma borda preta de 1 pixel. Verifica se o quadro de pixels tem altura e comprimento de 5 elementos",
              "timedOut": null,
              "duration": 4280,
              "state": "failed",
              "speed": null,
              "pass": false,
              "fail": true,
              "pending": false,
              "context": null,
              "code": "cy.get('.pixel').should('have.length', 25).each(function (pixel) {\n  expect(pixel).to.have.css('background-color', WHITE);\n}).and(function (pixels) {\n  var rows = chunk(pixels, 5);\n  rows.forEach(function (row) {\n    for (var index = 1; index < row.length; index += 1) {\n      var current = pixels[index];\n      var previous = pixels[index - 1];\n      cy.wrap(current).should('be.onTheRightOf', previous).and('be.horizontallyAlignedWith', previous);\n    }\n  });\n  for (var index = 1; index < 5; index += 1) {\n    expect(pixels[index * 5]).to.be.belowOf(pixels[(index - 1) * 5]);\n  }\n});",
              "err": {
                "message": "CypressError: Timed out retrying: Expected to find element: '.pixel', but never found it.",
                "estack": "CypressError: Timed out retrying: Expected to find element: '.pixel', but never found it.\n    at cypressErr (http://localhost:43401/__cypress/runner/cypress_runner.js:149934:9)\n    at throwErr (http://localhost:43401/__cypress/runner/cypress_runner.js:149867:11)\n    at Object.throwErrByPath (http://localhost:43401/__cypress/runner/cypress_runner.js:149915:3)\n    at retry (http://localhost:43401/__cypress/runner/cypress_runner.js:144197:19)\n    at onFailFn (http://localhost:43401/__cypress/runner/cypress_runner.js:132448:16)\n    at tryCatcher (http://localhost:43401/__cypress/runner/cypress_runner.js:167415:23)\n    at Promise._settlePromiseFromHandler (http://localhost:43401/__cypress/runner/cypress_runner.js:165351:31)\n    at Promise._settlePromise (http://localhost:43401/__cypress/runner/cypress_runner.js:165408:18)\n    at Promise._settlePromise0 (http://localhost:43401/__cypress/runner/cypress_runner.js:165453:10)\n    at Promise._settlePromises (http://localhost:43401/__cypress/runner/cypress_runner.js:165528:18)\n    at Async../node_modules/bluebird/js/release/async.js.Async._drainQueue (http://localhost:43401/__cypress/runner/cypress_runner.js:162140:16)\n    at Async../node_modules/bluebird/js/release/async.js.Async._drainQueues (http://localhost:43401/__cypress/runner/cypress_runner.js:162150:10)\n    at Async.drainQueues (http://localhost:43401/__cypress/runner/cypress_runner.js:162024:14)",
                "diff": null
              },
              "uuid": "0eb472d1-6991-4340-b8b2-32ee3f137c76",
              "parentUUID": "0d150d9e-3674-440f-869c-030680e52b9e",
              "isHook": false,
              "skipped": false
            },
            {
              "title": "Verifica se 40 pixels é o tamanho total do elemento, incluindo seu conteúdo e excluindo a borda preta, que deve ser criada à parte.",
              "fullTitle": "5 - Faça com que cada elemento do quadro de pixels possua 40 pixels de largura, 40 pixels de altura e seja delimitado por uma borda preta de 1 pixel. Verifica se 40 pixels é o tamanho total do elemento, incluindo seu conteúdo e excluindo a borda preta, que deve ser criada à parte.",
              "timedOut": null,
              "duration": 4239,
              "state": "failed",
              "speed": null,
              "pass": false,
              "fail": true,
              "pending": false,
              "context": null,
              "code": "cy.get('.pixel').each(function (pixel) {\n  cy.wrap(pixel).should('have.css', 'height', '40px').and('have.css', 'width', '40px').and('have.css', 'border', \"1px solid \".concat(BLACK));\n});",
              "err": {
                "message": "CypressError: Timed out retrying: Expected to find element: '.pixel', but never found it.",
                "estack": "CypressError: Timed out retrying: Expected to find element: '.pixel', but never found it.\n    at cypressErr (http://localhost:43401/__cypress/runner/cypress_runner.js:149934:9)\n    at throwErr (http://localhost:43401/__cypress/runner/cypress_runner.js:149867:11)\n    at Object.throwErrByPath (http://localhost:43401/__cypress/runner/cypress_runner.js:149915:3)\n    at retry (http://localhost:43401/__cypress/runner/cypress_runner.js:144197:19)\n    at onFailFn (http://localhost:43401/__cypress/runner/cypress_runner.js:132448:16)\n    at tryCatcher (http://localhost:43401/__cypress/runner/cypress_runner.js:167415:23)\n    at Promise._settlePromiseFromHandler (http://localhost:43401/__cypress/runner/cypress_runner.js:165351:31)\n    at Promise._settlePromise (http://localhost:43401/__cypress/runner/cypress_runner.js:165408:18)\n    at Promise._settlePromise0 (http://localhost:43401/__cypress/runner/cypress_runner.js:165453:10)\n    at Promise._settlePromises (http://localhost:43401/__cypress/runner/cypress_runner.js:165528:18)\n    at Async../node_modules/bluebird/js/release/async.js.Async._drainQueue (http://localhost:43401/__cypress/runner/cypress_runner.js:162140:16)\n    at Async../node_modules/bluebird/js/release/async.js.Async._drainQueues (http://localhost:43401/__cypress/runner/cypress_runner.js:162150:10)\n    at Async.drainQueues (http://localhost:43401/__cypress/runner/cypress_runner.js:162024:14)",
                "diff": null
              },
              "uuid": "a85486fe-a15f-48d8-81bd-631eb3185295",
              "parentUUID": "0d150d9e-3674-440f-869c-030680e52b9e",
              "isHook": false,
              "skipped": false
            }
          ],
          "suites": [],
          "passes": [],
          "failures": [
            "0eb472d1-6991-4340-b8b2-32ee3f137c76",
            "a85486fe-a15f-48d8-81bd-631eb3185295"
          ],
          "pending": [],
          "skipped": [],
          "duration": 8519,
          "root": false,
          "rootEmpty": false,
          "_timeout": 2000
        },
        {
          "uuid": "fa3e52aa-a76f-4e64-b862-b3c7284b115b",
          "title": "6 - Defina a cor preta como cor inicial. Ao carregar a página a cor preta já deve estar selecionada para pintar os pixels",
          "fullFile": "",
          "file": "",
          "beforeHooks": [],
          "afterHooks": [],
          "tests": [
            {
              "title": "Verifica se o elemento da cor preta possui, inicialmente, a `classe` `selected`",
              "fullTitle": "6 - Defina a cor preta como cor inicial. Ao carregar a página a cor preta já deve estar selecionada para pintar os pixels Verifica se o elemento da cor preta possui, inicialmente, a `classe` `selected`",
              "timedOut": null,
              "duration": 4279,
              "state": "failed",
              "speed": null,
              "pass": false,
              "fail": true,
              "pending": false,
              "context": null,
              "code": "cy.get('.selected').first().should('have.css', 'background-color', BLACK);",
              "err": {
                "message": "CypressError: Timed out retrying: Expected to find element: '.selected', but never found it.",
                "estack": "CypressError: Timed out retrying: Expected to find element: '.selected', but never found it.\n    at cypressErr (http://localhost:43401/__cypress/runner/cypress_runner.js:149934:9)\n    at throwErr (http://localhost:43401/__cypress/runner/cypress_runner.js:149867:11)\n    at Object.throwErrByPath (http://localhost:43401/__cypress/runner/cypress_runner.js:149915:3)\n    at retry (http://localhost:43401/__cypress/runner/cypress_runner.js:144197:19)\n    at onFailFn (http://localhost:43401/__cypress/runner/cypress_runner.js:132448:16)\n    at tryCatcher (http://localhost:43401/__cypress/runner/cypress_runner.js:167415:23)\n    at Promise._settlePromiseFromHandler (http://localhost:43401/__cypress/runner/cypress_runner.js:165351:31)\n    at Promise._settlePromise (http://localhost:43401/__cypress/runner/cypress_runner.js:165408:18)\n    at Promise._settlePromise0 (http://localhost:43401/__cypress/runner/cypress_runner.js:165453:10)\n    at Promise._settlePromises (http://localhost:43401/__cypress/runner/cypress_runner.js:165528:18)\n    at Async../node_modules/bluebird/js/release/async.js.Async._drainQueue (http://localhost:43401/__cypress/runner/cypress_runner.js:162140:16)\n    at Async../node_modules/bluebird/js/release/async.js.Async._drainQueues (http://localhost:43401/__cypress/runner/cypress_runner.js:162150:10)\n    at Async.drainQueues (http://localhost:43401/__cypress/runner/cypress_runner.js:162024:14)",
                "diff": null
              },
              "uuid": "488b51ba-ca3b-4b93-89a5-f22e9846e701",
              "parentUUID": "fa3e52aa-a76f-4e64-b862-b3c7284b115b",
              "isHook": false,
              "skipped": false
            },
            {
              "title": "Verifica se nenhuma outra cor da paleta tem a `classe` `selected`",
              "fullTitle": "6 - Defina a cor preta como cor inicial. Ao carregar a página a cor preta já deve estar selecionada para pintar os pixels Verifica se nenhuma outra cor da paleta tem a `classe` `selected`",
              "timedOut": null,
              "duration": 4331,
              "state": "failed",
              "speed": null,
              "pass": false,
              "fail": true,
              "pending": false,
              "context": null,
              "code": "cy.get('.color:not(:first-child)').each(function (color) {\n  cy.wrap(color).should('not.have.class', 'selected');\n});",
              "err": {
                "message": "CypressError: Timed out retrying: Expected to find element: '.color:not(:first-child)', but never found it.",
                "estack": "CypressError: Timed out retrying: Expected to find element: '.color:not(:first-child)', but never found it.\n    at cypressErr (http://localhost:43401/__cypress/runner/cypress_runner.js:149934:9)\n    at throwErr (http://localhost:43401/__cypress/runner/cypress_runner.js:149867:11)\n    at Object.throwErrByPath (http://localhost:43401/__cypress/runner/cypress_runner.js:149915:3)\n    at retry (http://localhost:43401/__cypress/runner/cypress_runner.js:144197:19)\n    at onFailFn (http://localhost:43401/__cypress/runner/cypress_runner.js:132448:16)\n    at tryCatcher (http://localhost:43401/__cypress/runner/cypress_runner.js:167415:23)\n    at Promise._settlePromiseFromHandler (http://localhost:43401/__cypress/runner/cypress_runner.js:165351:31)\n    at Promise._settlePromise (http://localhost:43401/__cypress/runner/cypress_runner.js:165408:18)\n    at Promise._settlePromise0 (http://localhost:43401/__cypress/runner/cypress_runner.js:165453:10)\n    at Promise._settlePromises (http://localhost:43401/__cypress/runner/cypress_runner.js:165528:18)\n    at Async../node_modules/bluebird/js/release/async.js.Async._drainQueue (http://localhost:43401/__cypress/runner/cypress_runner.js:162140:16)\n    at Async../node_modules/bluebird/js/release/async.js.Async._drainQueues (http://localhost:43401/__cypress/runner/cypress_runner.js:162150:10)\n    at Async.drainQueues (http://localhost:43401/__cypress/runner/cypress_runner.js:162024:14)",
                "diff": null
              },
              "uuid": "4f0e0cfd-fbd1-4c1f-9620-f0cc74bb3882",
              "parentUUID": "fa3e52aa-a76f-4e64-b862-b3c7284b115b",
              "isHook": false,
              "skipped": false
            }
          ],
          "suites": [],
          "passes": [],
          "failures": [
            "488b51ba-ca3b-4b93-89a5-f22e9846e701",
            "4f0e0cfd-fbd1-4c1f-9620-f0cc74bb3882"
          ],
          "pending": [],
          "skipped": [],
          "duration": 8610,
          "root": false,
          "rootEmpty": false,
          "_timeout": 2000
        },
        {
          "uuid": "f1f3138f-f2bc-49c1-aa20-5acc6fc9285c",
          "title": "7 - Clicar em uma das cores da paleta, faz com que ela seja selecionada e utilizada para preencher os pixels no quadro.",
          "fullFile": "",
          "file": "",
          "beforeHooks": [],
          "afterHooks": [],
          "tests": [
            {
              "title": "Verifica se somente uma cor da paleta de cores tem a classe `selected` de cada vez",
              "fullTitle": "7 - Clicar em uma das cores da paleta, faz com que ela seja selecionada e utilizada para preencher os pixels no quadro. Verifica se somente uma cor da paleta de cores tem a classe `selected` de cada vez",
              "timedOut": null,
              "duration": 4313,
              "state": "failed",
              "speed": null,
              "pass": false,
              "fail": true,
              "pending": false,
              "context": null,
              "code": "cy.get('.color').each(function (selectedColor, selectedColorIndex) {\n  cy.wrap(selectedColor).click();\n  cy.get('.color').each(function (color, colorIndex) {\n    if (colorIndex === selectedColorIndex) {\n      expect(color).to.have[\"class\"]('selected');\n    } else {\n      expect(color).not.to.have[\"class\"]('selected');\n    }\n  });\n});",
              "err": {
                "message": "CypressError: Timed out retrying: Expected to find element: '.color', but never found it.",
                "estack": "CypressError: Timed out retrying: Expected to find element: '.color', but never found it.\n    at cypressErr (http://localhost:43401/__cypress/runner/cypress_runner.js:149934:9)\n    at throwErr (http://localhost:43401/__cypress/runner/cypress_runner.js:149867:11)\n    at Object.throwErrByPath (http://localhost:43401/__cypress/runner/cypress_runner.js:149915:3)\n    at retry (http://localhost:43401/__cypress/runner/cypress_runner.js:144197:19)\n    at onFailFn (http://localhost:43401/__cypress/runner/cypress_runner.js:132448:16)\n    at tryCatcher (http://localhost:43401/__cypress/runner/cypress_runner.js:167415:23)\n    at Promise._settlePromiseFromHandler (http://localhost:43401/__cypress/runner/cypress_runner.js:165351:31)\n    at Promise._settlePromise (http://localhost:43401/__cypress/runner/cypress_runner.js:165408:18)\n    at Promise._settlePromise0 (http://localhost:43401/__cypress/runner/cypress_runner.js:165453:10)\n    at Promise._settlePromises (http://localhost:43401/__cypress/runner/cypress_runner.js:165528:18)\n    at Async../node_modules/bluebird/js/release/async.js.Async._drainQueue (http://localhost:43401/__cypress/runner/cypress_runner.js:162140:16)\n    at Async../node_modules/bluebird/js/release/async.js.Async._drainQueues (http://localhost:43401/__cypress/runner/cypress_runner.js:162150:10)\n    at Async.drainQueues (http://localhost:43401/__cypress/runner/cypress_runner.js:162024:14)",
                "diff": null
              },
              "uuid": "75ec19c5-fee6-48cf-995e-128c6bb005a0",
              "parentUUID": "f1f3138f-f2bc-49c1-aa20-5acc6fc9285c",
              "isHook": false,
              "skipped": false
            },
            {
              "title": "Verifica se os pixels dentro do quadro não têm a classe `selected` quando são clicados",
              "fullTitle": "7 - Clicar em uma das cores da paleta, faz com que ela seja selecionada e utilizada para preencher os pixels no quadro. Verifica se os pixels dentro do quadro não têm a classe `selected` quando são clicados",
              "timedOut": null,
              "duration": 4275,
              "state": "failed",
              "speed": null,
              "pass": false,
              "fail": true,
              "pending": false,
              "context": null,
              "code": "cy.get('.color').each(function (color) {\n  var backgroundColor = color.css('background-color');\n  cy.wrap(color).click();\n  cy.get('.pixel').each(function (pixel) {\n    cy.wrap(pixel).click().should('not.have.class', 'selected');\n  });\n});",
              "err": {
                "message": "CypressError: Timed out retrying: Expected to find element: '.color', but never found it.",
                "estack": "CypressError: Timed out retrying: Expected to find element: '.color', but never found it.\n    at cypressErr (http://localhost:43401/__cypress/runner/cypress_runner.js:149934:9)\n    at throwErr (http://localhost:43401/__cypress/runner/cypress_runner.js:149867:11)\n    at Object.throwErrByPath (http://localhost:43401/__cypress/runner/cypress_runner.js:149915:3)\n    at retry (http://localhost:43401/__cypress/runner/cypress_runner.js:144197:19)\n    at onFailFn (http://localhost:43401/__cypress/runner/cypress_runner.js:132448:16)\n    at tryCatcher (http://localhost:43401/__cypress/runner/cypress_runner.js:167415:23)\n    at Promise._settlePromiseFromHandler (http://localhost:43401/__cypress/runner/cypress_runner.js:165351:31)\n    at Promise._settlePromise (http://localhost:43401/__cypress/runner/cypress_runner.js:165408:18)\n    at Promise._settlePromise0 (http://localhost:43401/__cypress/runner/cypress_runner.js:165453:10)\n    at Promise._settlePromises (http://localhost:43401/__cypress/runner/cypress_runner.js:165528:18)\n    at Async../node_modules/bluebird/js/release/async.js.Async._drainQueue (http://localhost:43401/__cypress/runner/cypress_runner.js:162140:16)\n    at Async../node_modules/bluebird/js/release/async.js.Async._drainQueues (http://localhost:43401/__cypress/runner/cypress_runner.js:162150:10)\n    at Async.drainQueues (http://localhost:43401/__cypress/runner/cypress_runner.js:162024:14)",
                "diff": null
              },
              "uuid": "1f84cfe9-2b97-45c4-9bbf-90a15c2cf4bf",
              "parentUUID": "f1f3138f-f2bc-49c1-aa20-5acc6fc9285c",
              "isHook": false,
              "skipped": false
            }
          ],
          "suites": [],
          "passes": [],
          "failures": [
            "75ec19c5-fee6-48cf-995e-128c6bb005a0",
            "1f84cfe9-2b97-45c4-9bbf-90a15c2cf4bf"
          ],
          "pending": [],
          "skipped": [],
          "duration": 8588,
          "root": false,
          "rootEmpty": false,
          "_timeout": 2000
        },
        {
          "uuid": "28ed4ce5-481c-4874-bd7a-3b998913c38f",
          "title": "8 - Clicar em um pixel dentro do quadro após selecionar uma cor na paleta, faz com que o pixel seja preenchido com a cor selecionada.",
          "fullFile": "",
          "file": "",
          "beforeHooks": [],
          "afterHooks": [],
          "tests": [
            {
              "title": "Verifica se ao carregar a página deve ser possível pintar os pixels de preto",
              "fullTitle": "8 - Clicar em um pixel dentro do quadro após selecionar uma cor na paleta, faz com que o pixel seja preenchido com a cor selecionada. Verifica se ao carregar a página deve ser possível pintar os pixels de preto",
              "timedOut": null,
              "duration": 4343,
              "state": "failed",
              "speed": null,
              "pass": false,
              "fail": true,
              "pending": false,
              "context": null,
              "code": "cy.get('.pixel').each(function (pixel) {\n  cy.wrap(pixel).click().should('have.css', 'background-color', BLACK);\n});",
              "err": {
                "message": "CypressError: Timed out retrying: Expected to find element: '.pixel', but never found it.",
                "estack": "CypressError: Timed out retrying: Expected to find element: '.pixel', but never found it.\n    at cypressErr (http://localhost:43401/__cypress/runner/cypress_runner.js:149934:9)\n    at throwErr (http://localhost:43401/__cypress/runner/cypress_runner.js:149867:11)\n    at Object.throwErrByPath (http://localhost:43401/__cypress/runner/cypress_runner.js:149915:3)\n    at retry (http://localhost:43401/__cypress/runner/cypress_runner.js:144197:19)\n    at onFailFn (http://localhost:43401/__cypress/runner/cypress_runner.js:132448:16)\n    at tryCatcher (http://localhost:43401/__cypress/runner/cypress_runner.js:167415:23)\n    at Promise._settlePromiseFromHandler (http://localhost:43401/__cypress/runner/cypress_runner.js:165351:31)\n    at Promise._settlePromise (http://localhost:43401/__cypress/runner/cypress_runner.js:165408:18)\n    at Promise._settlePromise0 (http://localhost:43401/__cypress/runner/cypress_runner.js:165453:10)\n    at Promise._settlePromises (http://localhost:43401/__cypress/runner/cypress_runner.js:165528:18)\n    at Async../node_modules/bluebird/js/release/async.js.Async._drainQueue (http://localhost:43401/__cypress/runner/cypress_runner.js:162140:16)\n    at Async../node_modules/bluebird/js/release/async.js.Async._drainQueues (http://localhost:43401/__cypress/runner/cypress_runner.js:162150:10)\n    at Async.drainQueues (http://localhost:43401/__cypress/runner/cypress_runner.js:162024:14)",
                "diff": null
              },
              "uuid": "d953b146-57f4-4b03-bca3-43dfbf3d708b",
              "parentUUID": "28ed4ce5-481c-4874-bd7a-3b998913c38f",
              "isHook": false,
              "skipped": false
            },
            {
              "title": "Verifica se após selecionar uma outra cor na paleta, é possível pintar os pixels com essa cor",
              "fullTitle": "8 - Clicar em um pixel dentro do quadro após selecionar uma cor na paleta, faz com que o pixel seja preenchido com a cor selecionada. Verifica se após selecionar uma outra cor na paleta, é possível pintar os pixels com essa cor",
              "timedOut": null,
              "duration": 4298,
              "state": "failed",
              "speed": null,
              "pass": false,
              "fail": true,
              "pending": false,
              "context": null,
              "code": "cy.get('.color').each(function (color) {\n  var backgroundColor = color.css('background-color');\n  cy.wrap(color).click();\n  cy.get('.pixel').each(function (pixel) {\n    cy.wrap(pixel).click().should('have.css', 'background-color', backgroundColor);\n  });\n});",
              "err": {
                "message": "CypressError: Timed out retrying: Expected to find element: '.color', but never found it.",
                "estack": "CypressError: Timed out retrying: Expected to find element: '.color', but never found it.\n    at cypressErr (http://localhost:43401/__cypress/runner/cypress_runner.js:149934:9)\n    at throwErr (http://localhost:43401/__cypress/runner/cypress_runner.js:149867:11)\n    at Object.throwErrByPath (http://localhost:43401/__cypress/runner/cypress_runner.js:149915:3)\n    at retry (http://localhost:43401/__cypress/runner/cypress_runner.js:144197:19)\n    at onFailFn (http://localhost:43401/__cypress/runner/cypress_runner.js:132448:16)\n    at tryCatcher (http://localhost:43401/__cypress/runner/cypress_runner.js:167415:23)\n    at Promise._settlePromiseFromHandler (http://localhost:43401/__cypress/runner/cypress_runner.js:165351:31)\n    at Promise._settlePromise (http://localhost:43401/__cypress/runner/cypress_runner.js:165408:18)\n    at Promise._settlePromise0 (http://localhost:43401/__cypress/runner/cypress_runner.js:165453:10)\n    at Promise._settlePromises (http://localhost:43401/__cypress/runner/cypress_runner.js:165528:18)\n    at Async../node_modules/bluebird/js/release/async.js.Async._drainQueue (http://localhost:43401/__cypress/runner/cypress_runner.js:162140:16)\n    at Async../node_modules/bluebird/js/release/async.js.Async._drainQueues (http://localhost:43401/__cypress/runner/cypress_runner.js:162150:10)\n    at Async.drainQueues (http://localhost:43401/__cypress/runner/cypress_runner.js:162024:14)",
                "diff": null
              },
              "uuid": "dd04c502-4017-4b06-9647-3da78aa6f48f",
              "parentUUID": "28ed4ce5-481c-4874-bd7a-3b998913c38f",
              "isHook": false,
              "skipped": false
            },
            {
              "title": "Verifica se somente o pixel que foi clicado foi preenchido com a cor selecionada, sem influenciar na cor dos demais pixels.",
              "fullTitle": "8 - Clicar em um pixel dentro do quadro após selecionar uma cor na paleta, faz com que o pixel seja preenchido com a cor selecionada. Verifica se somente o pixel que foi clicado foi preenchido com a cor selecionada, sem influenciar na cor dos demais pixels.",
              "timedOut": null,
              "duration": 4269,
              "state": "failed",
              "speed": null,
              "pass": false,
              "fail": true,
              "pending": false,
              "context": null,
              "code": "var colorToPixelIndexMap = {\n  0: 6,\n  1: 8,\n  2: 16,\n  3: 18\n};\ncy.get('.color').each(function (color, index) {\n  cy.wrap(color).click();\n  var backgroundColor = color.css('background-color');\n  var clickedPixelIndex = colorToPixelIndexMap[index];\n  cy.get('.pixel').eq(clickedPixelIndex).click();\n  cy.get('.pixel').eq(clickedPixelIndex - 1).should('not.have.css', 'background-color', backgroundColor);\n  cy.get('.pixel').eq(clickedPixelIndex + 1).should('not.have.css', 'background-color', backgroundColor);\n  cy.get('.pixel').eq(clickedPixelIndex - 5).should('not.have.css', 'background-color', backgroundColor);\n  cy.get('.pixel').eq(clickedPixelIndex + 5).should('not.have.css', 'background-color', backgroundColor);\n  cy.get('.pixel').eq(clickedPixelIndex - 6).should('not.have.css', 'background-color', backgroundColor);\n  cy.get('.pixel').eq(clickedPixelIndex - 4).should('not.have.css', 'background-color', backgroundColor);\n  cy.get('.pixel').eq(clickedPixelIndex + 4).should('not.have.css', 'background-color', backgroundColor);\n  cy.get('.pixel').eq(clickedPixelIndex + 6).should('not.have.css', 'background-color', backgroundColor);\n});",
              "err": {
                "message": "CypressError: Timed out retrying: Expected to find element: '.color', but never found it.",
                "estack": "CypressError: Timed out retrying: Expected to find element: '.color', but never found it.\n    at cypressErr (http://localhost:43401/__cypress/runner/cypress_runner.js:149934:9)\n    at throwErr (http://localhost:43401/__cypress/runner/cypress_runner.js:149867:11)\n    at Object.throwErrByPath (http://localhost:43401/__cypress/runner/cypress_runner.js:149915:3)\n    at retry (http://localhost:43401/__cypress/runner/cypress_runner.js:144197:19)\n    at onFailFn (http://localhost:43401/__cypress/runner/cypress_runner.js:132448:16)\n    at tryCatcher (http://localhost:43401/__cypress/runner/cypress_runner.js:167415:23)\n    at Promise._settlePromiseFromHandler (http://localhost:43401/__cypress/runner/cypress_runner.js:165351:31)\n    at Promise._settlePromise (http://localhost:43401/__cypress/runner/cypress_runner.js:165408:18)\n    at Promise._settlePromise0 (http://localhost:43401/__cypress/runner/cypress_runner.js:165453:10)\n    at Promise._settlePromises (http://localhost:43401/__cypress/runner/cypress_runner.js:165528:18)\n    at Async../node_modules/bluebird/js/release/async.js.Async._drainQueue (http://localhost:43401/__cypress/runner/cypress_runner.js:162140:16)\n    at Async../node_modules/bluebird/js/release/async.js.Async._drainQueues (http://localhost:43401/__cypress/runner/cypress_runner.js:162150:10)\n    at Async.drainQueues (http://localhost:43401/__cypress/runner/cypress_runner.js:162024:14)",
                "diff": null
              },
              "uuid": "fc338fd7-2403-46a5-83cf-484396cf707f",
              "parentUUID": "28ed4ce5-481c-4874-bd7a-3b998913c38f",
              "isHook": false,
              "skipped": false
            }
          ],
          "suites": [],
          "passes": [],
          "failures": [
            "d953b146-57f4-4b03-bca3-43dfbf3d708b",
            "dd04c502-4017-4b06-9647-3da78aa6f48f",
            "fc338fd7-2403-46a5-83cf-484396cf707f"
          ],
          "pending": [],
          "skipped": [],
          "duration": 12910,
          "root": false,
          "rootEmpty": false,
          "_timeout": 2000
        },
        {
          "uuid": "0bdc1314-e9e3-4b94-b9f5-74f6f196b647",
          "title": "9 - Crie um botão que, ao ser clicado, limpa o quadro preenchendo a cor de todos seus pixels com branco.",
          "fullFile": "",
          "file": "",
          "beforeHooks": [],
          "afterHooks": [],
          "tests": [
            {
              "title": "Verifica se o botão tem o `id` denominado `clear-board`",
              "fullTitle": "9 - Crie um botão que, ao ser clicado, limpa o quadro preenchendo a cor de todos seus pixels com branco. Verifica se o botão tem o `id` denominado `clear-board`",
              "timedOut": null,
              "duration": 4344,
              "state": "failed",
              "speed": null,
              "pass": false,
              "fail": true,
              "pending": false,
              "context": null,
              "code": "cy.get('#clear-board').should('be.visible');",
              "err": {
                "message": "CypressError: Timed out retrying: Expected to find element: '#clear-board', but never found it.",
                "estack": "CypressError: Timed out retrying: Expected to find element: '#clear-board', but never found it.\n    at cypressErr (http://localhost:43401/__cypress/runner/cypress_runner.js:149934:9)\n    at throwErr (http://localhost:43401/__cypress/runner/cypress_runner.js:149867:11)\n    at Object.throwErrByPath (http://localhost:43401/__cypress/runner/cypress_runner.js:149915:3)\n    at retry (http://localhost:43401/__cypress/runner/cypress_runner.js:144197:19)\n    at onFailFn (http://localhost:43401/__cypress/runner/cypress_runner.js:132448:16)\n    at tryCatcher (http://localhost:43401/__cypress/runner/cypress_runner.js:167415:23)\n    at Promise._settlePromiseFromHandler (http://localhost:43401/__cypress/runner/cypress_runner.js:165351:31)\n    at Promise._settlePromise (http://localhost:43401/__cypress/runner/cypress_runner.js:165408:18)\n    at Promise._settlePromise0 (http://localhost:43401/__cypress/runner/cypress_runner.js:165453:10)\n    at Promise._settlePromises (http://localhost:43401/__cypress/runner/cypress_runner.js:165528:18)\n    at Async../node_modules/bluebird/js/release/async.js.Async._drainQueue (http://localhost:43401/__cypress/runner/cypress_runner.js:162140:16)\n    at Async../node_modules/bluebird/js/release/async.js.Async._drainQueues (http://localhost:43401/__cypress/runner/cypress_runner.js:162150:10)\n    at Async.drainQueues (http://localhost:43401/__cypress/runner/cypress_runner.js:162024:14)",
                "diff": null
              },
              "uuid": "7655db91-38d9-4a69-a206-812afe7599b8",
              "parentUUID": "0bdc1314-e9e3-4b94-b9f5-74f6f196b647",
              "isHook": false,
              "skipped": false
            },
            {
              "title": "Verifica se o botão está posicionado entre a paleta de cores e o quadro de pixels",
              "fullTitle": "9 - Crie um botão que, ao ser clicado, limpa o quadro preenchendo a cor de todos seus pixels com branco. Verifica se o botão está posicionado entre a paleta de cores e o quadro de pixels",
              "timedOut": null,
              "duration": 4242,
              "state": "failed",
              "speed": null,
              "pass": false,
              "fail": true,
              "pending": false,
              "context": null,
              "code": "cy.get('#color-palette').then(function (palette) {\n  cy.get('#clear-board').should('be.belowOf', palette);\n});\ncy.get('#clear-board').then(function (clearBtn) {\n  cy.get('#pixel-board').should('be.belowOf', clearBtn);\n});",
              "err": {
                "message": "CypressError: Timed out retrying: Expected to find element: '#color-palette', but never found it.",
                "estack": "CypressError: Timed out retrying: Expected to find element: '#color-palette', but never found it.\n    at cypressErr (http://localhost:43401/__cypress/runner/cypress_runner.js:149934:9)\n    at throwErr (http://localhost:43401/__cypress/runner/cypress_runner.js:149867:11)\n    at Object.throwErrByPath (http://localhost:43401/__cypress/runner/cypress_runner.js:149915:3)\n    at retry (http://localhost:43401/__cypress/runner/cypress_runner.js:144197:19)\n    at onFailFn (http://localhost:43401/__cypress/runner/cypress_runner.js:132448:16)\n    at tryCatcher (http://localhost:43401/__cypress/runner/cypress_runner.js:167415:23)\n    at Promise._settlePromiseFromHandler (http://localhost:43401/__cypress/runner/cypress_runner.js:165351:31)\n    at Promise._settlePromise (http://localhost:43401/__cypress/runner/cypress_runner.js:165408:18)\n    at Promise._settlePromise0 (http://localhost:43401/__cypress/runner/cypress_runner.js:165453:10)\n    at Promise._settlePromises (http://localhost:43401/__cypress/runner/cypress_runner.js:165528:18)\n    at Async../node_modules/bluebird/js/release/async.js.Async._drainQueue (http://localhost:43401/__cypress/runner/cypress_runner.js:162140:16)\n    at Async../node_modules/bluebird/js/release/async.js.Async._drainQueues (http://localhost:43401/__cypress/runner/cypress_runner.js:162150:10)\n    at Async.drainQueues (http://localhost:43401/__cypress/runner/cypress_runner.js:162024:14)",
                "diff": null
              },
              "uuid": "bf3749d4-bb19-4c0d-bd6e-1f89469ec0be",
              "parentUUID": "0bdc1314-e9e3-4b94-b9f5-74f6f196b647",
              "isHook": false,
              "skipped": false
            },
            {
              "title": "Verifica se o texto do botão é 'Limpar'",
              "fullTitle": "9 - Crie um botão que, ao ser clicado, limpa o quadro preenchendo a cor de todos seus pixels com branco. Verifica se o texto do botão é 'Limpar'",
              "timedOut": null,
              "duration": 4361,
              "state": "failed",
              "speed": null,
              "pass": false,
              "fail": true,
              "pending": false,
              "context": null,
              "code": "cy.get('#clear-board').should('contain.text', 'Limpar');",
              "err": {
                "message": "CypressError: Timed out retrying: Expected to find element: '#clear-board', but never found it.",
                "estack": "CypressError: Timed out retrying: Expected to find element: '#clear-board', but never found it.\n    at cypressErr (http://localhost:43401/__cypress/runner/cypress_runner.js:149934:9)\n    at throwErr (http://localhost:43401/__cypress/runner/cypress_runner.js:149867:11)\n    at Object.throwErrByPath (http://localhost:43401/__cypress/runner/cypress_runner.js:149915:3)\n    at retry (http://localhost:43401/__cypress/runner/cypress_runner.js:144197:19)\n    at onFailFn (http://localhost:43401/__cypress/runner/cypress_runner.js:132448:16)\n    at tryCatcher (http://localhost:43401/__cypress/runner/cypress_runner.js:167415:23)\n    at Promise._settlePromiseFromHandler (http://localhost:43401/__cypress/runner/cypress_runner.js:165351:31)\n    at Promise._settlePromise (http://localhost:43401/__cypress/runner/cypress_runner.js:165408:18)\n    at Promise._settlePromise0 (http://localhost:43401/__cypress/runner/cypress_runner.js:165453:10)\n    at Promise._settlePromises (http://localhost:43401/__cypress/runner/cypress_runner.js:165528:18)\n    at Async../node_modules/bluebird/js/release/async.js.Async._drainQueue (http://localhost:43401/__cypress/runner/cypress_runner.js:162140:16)\n    at Async../node_modules/bluebird/js/release/async.js.Async._drainQueues (http://localhost:43401/__cypress/runner/cypress_runner.js:162150:10)\n    at Async.drainQueues (http://localhost:43401/__cypress/runner/cypress_runner.js:162024:14)",
                "diff": null
              },
              "uuid": "5c1fc0a7-cfa7-40ac-9b34-691425a6a31b",
              "parentUUID": "0bdc1314-e9e3-4b94-b9f5-74f6f196b647",
              "isHook": false,
              "skipped": false
            },
            {
              "title": "Verifica se ao clicar no botão, o quadro de pixels é totalmente preenchido de branco",
              "fullTitle": "9 - Crie um botão que, ao ser clicado, limpa o quadro preenchendo a cor de todos seus pixels com branco. Verifica se ao clicar no botão, o quadro de pixels é totalmente preenchido de branco",
              "timedOut": null,
              "duration": 4341,
              "state": "failed",
              "speed": null,
              "pass": false,
              "fail": true,
              "pending": false,
              "context": null,
              "code": "cy.get('.color').eq(1).then(function (color) {\n  var backgroundColor = color.css('background-color');\n  cy.wrap(color).click();\n  cy.get('.pixel').each(function (pixel) {\n    cy.wrap(pixel).click().should('have.css', 'background-color', backgroundColor);\n  });\n});\ncy.get('#clear-board').click();\ncy.get('.pixel').each(function (pixel) {\n  cy.wrap(pixel).should('have.css', 'background-color', WHITE);\n});",
              "err": {
                "message": "CypressError: Timed out retrying: Expected to find element: '.color', but never found it.",
                "estack": "CypressError: Timed out retrying: Expected to find element: '.color', but never found it.\n    at cypressErr (http://localhost:43401/__cypress/runner/cypress_runner.js:149934:9)\n    at throwErr (http://localhost:43401/__cypress/runner/cypress_runner.js:149867:11)\n    at Object.throwErrByPath (http://localhost:43401/__cypress/runner/cypress_runner.js:149915:3)\n    at retry (http://localhost:43401/__cypress/runner/cypress_runner.js:144197:19)\n    at onFailFn (http://localhost:43401/__cypress/runner/cypress_runner.js:132448:16)\n    at tryCatcher (http://localhost:43401/__cypress/runner/cypress_runner.js:167415:23)\n    at Promise._settlePromiseFromHandler (http://localhost:43401/__cypress/runner/cypress_runner.js:165351:31)\n    at Promise._settlePromise (http://localhost:43401/__cypress/runner/cypress_runner.js:165408:18)\n    at Promise._settlePromise0 (http://localhost:43401/__cypress/runner/cypress_runner.js:165453:10)\n    at Promise._settlePromises (http://localhost:43401/__cypress/runner/cypress_runner.js:165528:18)\n    at Async../node_modules/bluebird/js/release/async.js.Async._drainQueue (http://localhost:43401/__cypress/runner/cypress_runner.js:162140:16)\n    at Async../node_modules/bluebird/js/release/async.js.Async._drainQueues (http://localhost:43401/__cypress/runner/cypress_runner.js:162150:10)\n    at Async.drainQueues (http://localhost:43401/__cypress/runner/cypress_runner.js:162024:14)",
                "diff": null
              },
              "uuid": "e03f7d96-0b3e-466d-8c4e-081d9360a2e1",
              "parentUUID": "0bdc1314-e9e3-4b94-b9f5-74f6f196b647",
              "isHook": false,
              "skipped": false
            }
          ],
          "suites": [],
          "passes": [],
          "failures": [
            "7655db91-38d9-4a69-a206-812afe7599b8",
            "bf3749d4-bb19-4c0d-bd6e-1f89469ec0be",
            "5c1fc0a7-cfa7-40ac-9b34-691425a6a31b",
            "e03f7d96-0b3e-466d-8c4e-081d9360a2e1"
          ],
          "pending": [],
          "skipped": [],
          "duration": 17288,
          "root": false,
          "rootEmpty": false,
          "_timeout": 2000
        },
        {
          "uuid": "c48f5063-2105-4575-8a1b-cc6bbc5d46b1",
          "title": "10 - Faça o quadro de pixels ter seu tamanho definido pelo usuário.",
          "fullFile": "",
          "file": "",
          "beforeHooks": [],
          "afterHooks": [],
          "tests": [
            {
              "title": "Verifica se existe um input com o id `board-size`",
              "fullTitle": "10 - Faça o quadro de pixels ter seu tamanho definido pelo usuário. Verifica se existe um input com o id `board-size`",
              "timedOut": null,
              "duration": 4362,
              "state": "failed",
              "speed": null,
              "pass": false,
              "fail": true,
              "pending": false,
              "context": null,
              "code": "cy.get('#board-size').should('be.visible');",
              "err": {
                "message": "CypressError: Timed out retrying: Expected to find element: '#board-size', but never found it.",
[...]
                "diff": null
              },
              "uuid": "47034a4d-6f5a-4e51-bd22-9c4516dbee93",
              "parentUUID": "c48f5063-2105-4575-8a1b-cc6bbc5d46b1",
              "isHook": false,
              "skipped": false
            },
            {
              "title": "Verifica se o novo quadro tem todos os pixels preenchidos com a cor branca",
              "fullTitle": "10 - Faça o quadro de pixels ter seu tamanho definido pelo usuário. Verifica se o novo quadro tem todos os pixels preenchidos com a cor branca",
              "timedOut": null,
              "duration": 4252,
              "state": "failed",
              "speed": null,
              "pass": false,
              "fail": true,
              "pending": false,
              "context": null,
              "code": "cy.get('#board-size').clear().type(6);\ncy.get('#generate-board').click();\ncy.get('.pixel').should('have.length', 36).each(function (pixel) {\n  expect(pixel).to.have.css('background-color', WHITE);\n});",
              "err": {
                "message": "CypressError: Timed out retrying: Expected to find element: '#board-size', but never found it.",
                "estack": "CypressError: Timed out retrying: Expected to find element: '#board-size', but never found it.\n    at cypressErr (http://localhost:43401/__cypress/runner/cypress_runner.js:149934:9)\n    at throwErr (http://localhost:43401/__cypress/runner/cypress_runner.js:149867:11)\n    at Object.throwErrByPath (http://localhost:43401/__cypress/runner/cypress_runner.js:149915:3)\n    at retry (http://localhost:43401/__cypress/runner/cypress_runner.js:144197:19)\n    at onFailFn (http://localhost:43401/__cypress/runner/cypress_runner.js:132448:16)\n    at tryCatcher (http://localhost:43401/__cypress/runner/cypress_runner.js:167415:23)\n    at Promise._settlePromiseFromHandler (http://localhost:43401/__cypress/runner/cypress_runner.js:165351:31)\n    at Promise._settlePromise (http://localhost:43401/__cypress/runner/cypress_runner.js:165408:18)\n    at Promise._settlePromise0 (http://localhost:43401/__cypress/runner/cypress_runner.js:165453:10)\n    at Promise._settlePromises (http://localhost:43401/__cypress/runner/cypress_runner.js:165528:18)\n    at Async../node_modules/bluebird/js/release/async.js.Async._drainQueue (http://localhost:43401/__cypress/runner/cypress_runner.js:162140:16)\n    at Async../node_modules/bluebird/js/release/async.js.Async._drainQueues (http://localhost:43401/__cypress/runner/cypress_runner.js:162150:10)\n    at Async.drainQueues (http://localhost:43401/__cypress/runner/cypress_runner.js:162024:14)",
                "diff": null
              },
              "uuid": "a8545053-9293-4fe9-9171-195b67584cd9",
              "parentUUID": "c48f5063-2105-4575-8a1b-cc6bbc5d46b1",
              "isHook": false,
              "skipped": false
            }
          ],
          "suites": [],
          "passes": [],
          "failures": [
            "b234f958-fb66-4fbb-a22f-13c37fb5e16b",
            "a20f8a4f-d940-4746-bb35-d0b39eeb60ae",
            "69ddd021-978f-47bd-b5b3-c28e049dc7ad",
            "3053c9d9-2b00-4d21-80b1-68f0138b67f2",
            "be927587-5c38-4252-82d9-8fd6501d47b1",
            "fc78d2f0-70de-4e0c-bfc0-a6c3aca1168f",
            "fa020e32-1da5-4db0-b747-f85af28ed8ce",
            "47034a4d-6f5a-4e51-bd22-9c4516dbee93",
            "a8545053-9293-4fe9-9171-195b67584cd9"
          ],
          "pending": [],
          "skipped": [],
          "duration": 38750,
          "root": false,
          "rootEmpty": false,
          "_timeout": 2000
        },
        {
          "uuid": "b48d4919-8181-4aed-8637-5cc54ae45592",
          "title": "11 - Limite o tamanho mínimo e máximo do board.",
          "fullFile": "",
          "file": "",
          "beforeHooks": [],
          "afterHooks": [],
          "tests": [
            {
              "title": "Verifica se a altura máxima do board é 50",
              "fullTitle": "11 - Limite o tamanho mínimo e máximo do board. Verifica se a altura máxima do board é 50",
              "timedOut": null,
              "duration": 4348,
              "state": "failed",
              "speed": null,
              "pass": false,
              "fail": true,
              "pending": false,
              "context": null,
              "code": "cy.get('#board-size').clear().type(50);\ncy.get('#generate-board').click();\ncy.get('.pixel').should('have.length', 2500);",
              "err": {
                "message": "CypressError: Timed out retrying: Expected to find element: '#board-size', but never found it.",
                "estack": "CypressError: Timed out retrying: Expected to find element: '#board-size', but never found it.\n    at cypressErr (http://localhost:43401/__cypress/runner/cypress_runner.js:149934:9)\n    at throwErr (http://localhost:43401/__cypress/runner/cypress_runner.js:149867:11)\n    at Object.throwErrByPath (http://localhost:43401/__cypress/runner/cypress_runner.js:149915:3)\n    at retry (http://localhost:43401/__cypress/runner/cypress_runner.js:144197:19)\n    at onFailFn (http://localhost:43401/__cypress/runner/cypress_runner.js:132448:16)\n    at tryCatcher (http://localhost:43401/__cypress/runner/cypress_runner.js:167415:23)\n    at Promise._settlePromiseFromHandler (http://localhost:43401/__cypress/runner/cypress_runner.js:165351:31)\n    at Promise._settlePromise (http://localhost:43401/__cypress/runner/cypress_runner.js:165408:18)\n    at Promise._settlePromise0 (http://localhost:43401/__cypress/runner/cypress_runner.js:165453:10)\n    at Promise._settlePromises (http://localhost:43401/__cypress/runner/cypress_runner.js:165528:18)\n    at Async../node_modules/bluebird/js/release/async.js.Async._drainQueue (http://localhost:43401/__cypress/runner/cypress_runner.js:162140:16)\n    at Async../node_modules/bluebird/js/release/async.js.Async._drainQueues (http://localhost:43401/__cypress/runner/cypress_runner.js:162150:10)\n    at Async.drainQueues (http://localhost:43401/__cypress/runner/cypress_runner.js:162024:14)",
                "diff": null
              },
              "uuid": "74d5e6a0-9a9e-4043-8e4d-0714846c3378",
              "parentUUID": "b48d4919-8181-4aed-8637-5cc54ae45592",
              "isHook": false,
              "skipped": false
            },
            {
              "title": "Verifica se a altura do board é 5 quando um valor menor é colocado no input",
              "fullTitle": "11 - Limite o tamanho mínimo e máximo do board. Verifica se a altura do board é 5 quando um valor menor é colocado no input",
              "timedOut": null,
              "duration": 4299,
              "state": "failed",
              "speed": null,
              "pass": false,
              "fail": true,
              "pending": false,
              "context": null,
              "code": "cy.get('#board-size').clear().type(4);\ncy.get('#generate-board').click();\ncy.get('.pixel').should('have.length', 25);",
              "err": {
                "message": "CypressError: Timed out retrying: Expected to find element: '#board-size', but never found it.",
                "estack": "CypressError: Timed out retrying: Expected to find element: '#board-size', but never found it.\n    at cypressErr (http://localhost:43401/__cypress/runner/cypress_runner.js:149934:9)\n    at throwErr (http://localhost:43401/__cypress/runner/cypress_runner.js:149867:11)\n    at Object.throwErrByPath (http://localhost:43401/__cypress/runner/cypress_runner.js:149915:3)\n    at retry (http://localhost:43401/__cypress/runner/cypress_runner.js:144197:19)\n    at onFailFn (http://localhost:43401/__cypress/runner/cypress_runner.js:132448:16)\n    at tryCatcher (http://localhost:43401/__cypress/runner/cypress_runner.js:167415:23)\n    at Promise._settlePromiseFromHandler (http://localhost:43401/__cypress/runner/cypress_runner.js:165351:31)\n    at Promise._settlePromise (http://localhost:43401/__cypress/runner/cypress_runner.js:165408:18)\n    at Promise._settlePromise0 (http://localhost:43401/__cypress/runner/cypress_runner.js:165453:10)\n    at Promise._settlePromises (http://localhost:43401/__cypress/runner/cypress_runner.js:165528:18)\n    at Async../node_modules/bluebird/js/release/async.js.Async._drainQueue (http://localhost:43401/__cypress/runner/cypress_runner.js:162140:16)\n    at Async../node_modules/bluebird/js/release/async.js.Async._drainQueues (http://localhost:43401/__cypress/runner/cypress_runner.js:162150:10)\n    at Async.drainQueues (http://localhost:43401/__cypress/runner/cypress_runner.js:162024:14)",
                "diff": null
              },
              "uuid": "44729873-448c-4364-a1e0-f9965d06c0f2",
              "parentUUID": "b48d4919-8181-4aed-8637-5cc54ae45592",
              "isHook": false,
              "skipped": false
            },
            {
              "title": "Verifica se a altura do board é 50 quando um valor maior é colocado no input",
              "fullTitle": "11 - Limite o tamanho mínimo e máximo do board. Verifica se a altura do board é 50 quando um valor maior é colocado no input",
              "timedOut": null,
              "duration": 4281,
              "state": "failed",
              "speed": null,
              "pass": false,
              "fail": true,
              "pending": false,
              "context": null,
              "code": "cy.get('#board-size').clear().type(51);\ncy.get('#generate-board').click();\ncy.get('.pixel').should('have.length', 2500);",
              "err": {
                "message": "CypressError: Timed out retrying: Expected to find element: '#board-size', but never found it.",
                "estack": "CypressError: Timed out retrying: Expected to find element: '#board-size', but never found it.\n    at cypressErr (http://localhost:43401/__cypress/runner/cypress_runner.js:149934:9)\n    at throwErr (http://localhost:43401/__cypress/runner/cypress_runner.js:149867:11)\n    at Object.throwErrByPath (http://localhost:43401/__cypress/runner/cypress_runner.js:149915:3)\n    at retry (http://localhost:43401/__cypress/runner/cypress_runner.js:144197:19)\n    at onFailFn (http://localhost:43401/__cypress/runner/cypress_runner.js:132448:16)\n    at tryCatcher (http://localhost:43401/__cypress/runner/cypress_runner.js:167415:23)\n    at Promise._settlePromiseFromHandler (http://localhost:43401/__cypress/runner/cypress_runner.js:165351:31)\n    at Promise._settlePromise (http://localhost:43401/__cypress/runner/cypress_runner.js:165408:18)\n    at Promise._settlePromise0 (http://localhost:43401/__cypress/runner/cypress_runner.js:165453:10)\n    at Promise._settlePromises (http://localhost:43401/__cypress/runner/cypress_runner.js:165528:18)\n    at Async../node_modules/bluebird/js/release/async.js.Async._drainQueue (http://localhost:43401/__cypress/runner/cypress_runner.js:162140:16)\n    at Async../node_modules/bluebird/js/release/async.js.Async._drainQueues (http://localhost:43401/__cypress/runner/cypress_runner.js:162150:10)\n    at Async.drainQueues (http://localhost:43401/__cypress/runner/cypress_runner.js:162024:14)",
                "diff": null
              },
              "uuid": "5c31400a-c0e1-4ed8-bf1b-936241764b64",
              "parentUUID": "b48d4919-8181-4aed-8637-5cc54ae45592",
              "isHook": false,
              "skipped": false
            }
          ],
          "suites": [],
          "passes": [],
          "failures": [
            "74d5e6a0-9a9e-4043-8e4d-0714846c3378",
            "44729873-448c-4364-a1e0-f9965d06c0f2",
            "5c31400a-c0e1-4ed8-bf1b-936241764b64"
          ],
          "pending": [],
          "skipped": [],
          "duration": 12928,
          "root": false,
          "rootEmpty": false,
          "_timeout": 2000
        },
        {
          "uuid": "c24e0430-d4d8-40d0-85f4-0d23f048d85b",
          "title": "12 - Faça com que as cores da paleta sejam geradas aleatoriamente ao carregar a página.",
          "fullFile": "",
          "file": "",
          "beforeHooks": [],
          "afterHooks": [],
          "tests": [
            {
              "title": "Verifica se as cores geradas na paleta são diferentes a cada carregamento da página",
              "fullTitle": "12 - Faça com que as cores da paleta sejam geradas aleatoriamente ao carregar a página. Verifica se as cores geradas na paleta são diferentes a cada carregamento da página",
              "timedOut": null,
              "duration": 4347,
              "state": "failed",
              "speed": null,
              "pass": false,
              "fail": true,
              "pending": false,
              "context": null,
              "code": "cy.get('.color').then(function (colors) {\n  var currentColors;\n  var previousColors;\n  previousColors = Array.from(colors).map(function (color) {\n    return Cypress.$(color).css('background-color');\n  });\n  for (var i = 0; i < 5; i += 1) {\n    cy.reload();\n    cy.get('.color').then(function (colors) {\n      currentColors = Array.from(colors).map(function (color) {\n        return Cypress.$(color).css('background-color');\n      });\n      expect(currentColors).not.to.deep.equal(previousColors);\n      previousColors = currentColors;\n    });\n  }\n});",
              "err": {
                "message": "CypressError: Timed out retrying: Expected to find element: '.color', but never found it.",
                "estack": "CypressError: Timed out retrying: Expected to find element: '.color', but never found it.\n    at cypressErr (http://localhost:43401/__cypress/runner/cypress_runner.js:149934:9)\n    at throwErr (http://localhost:43401/__cypress/runner/cypress_runner.js:149867:11)\n    at Object.throwErrByPath (http://localhost:43401/__cypress/runner/cypress_runner.js:149915:3)\n    at retry (http://localhost:43401/__cypress/runner/cypress_runner.js:144197:19)\n    at onFailFn (http://localhost:43401/__cypress/runner/cypress_runner.js:132448:16)\n    at tryCatcher (http://localhost:43401/__cypress/runner/cypress_runner.js:167415:23)\n    at Promise._settlePromiseFromHandler (http://localhost:43401/__cypress/runner/cypress_runner.js:165351:31)\n    at Promise._settlePromise (http://localhost:43401/__cypress/runner/cypress_runner.js:165408:18)\n    at Promise._settlePromise0 (http://localhost:43401/__cypress/runner/cypress_runner.js:165453:10)\n    at Promise._settlePromises (http://localhost:43401/__cypress/runner/cypress_runner.js:165528:18)\n    at Async../node_modules/bluebird/js/release/async.js.Async._drainQueue (http://localhost:43401/__cypress/runner/cypress_runner.js:162140:16)\n    at Async../node_modules/bluebird/js/release/async.js.Async._drainQueues (http://localhost:43401/__cypress/runner/cypress_runner.js:162150:10)\n    at Async.drainQueues (http://localhost:43401/__cypress/runner/cypress_runner.js:162024:14)",
                "diff": null
              },
              "uuid": "df3a4934-16de-42ea-a1b4-c6b4dce49a70",
              "parentUUID": "c24e0430-d4d8-40d0-85f4-0d23f048d85b",
              "isHook": false,
              "skipped": false
            },
            {
              "title": "Verifica se a cor preta ainda está presente e é a primeira na sua paleta de cores",
              "fullTitle": "12 - Faça com que as cores da paleta sejam geradas aleatoriamente ao carregar a página. Verifica se a cor preta ainda está presente e é a primeira na sua paleta de cores",
              "timedOut": null,
              "duration": 4302,
              "state": "failed",
              "speed": null,
              "pass": false,
              "fail": true,
              "pending": false,
              "context": null,
              "code": "cy.get('.color').then(function (colors) {\n  var currentColors;\n  var previousColors;\n  previousColors = Array.from(colors).map(function (color) {\n    return Cypress.$(color).css('background-color');\n  });\n  expect(previousColors[0]).to.eq(BLACK);\n  for (var i = 0; i < 5; i += 1) {\n    cy.reload();\n    cy.get('.color').then(function (colors) {\n      currentColors = Array.from(colors).map(function (color) {\n        return Cypress.$(color).css('background-color');\n      });\n      expect(currentColors[0]).to.eq(BLACK);\n      expect(currentColors).not.to.deep.equal(previousColors);\n      previousColors = currentColors;\n    });\n  }\n});",
              "err": {
                "message": "CypressError: Timed out retrying: Expected to find element: '.color', but never found it.",
                "estack": "CypressError: Timed out retrying: Expected to find element: '.color', but never found it.\n    at cypressErr (http://localhost:43401/__cypress/runner/cypress_runner.js:149934:9)\n    at throwErr (http://localhost:43401/__cypress/runner/cypress_runner.js:149867:11)\n    at Object.throwErrByPath (http://localhost:43401/__cypress/runner/cypress_runner.js:149915:3)\n    at retry (http://localhost:43401/__cypress/runner/cypress_runner.js:144197:19)\n    at onFailFn (http://localhost:43401/__cypress/runner/cypress_runner.js:132448:16)\n    at tryCatcher (http://localhost:43401/__cypress/runner/cypress_runner.js:167415:23)\n    at Promise._settlePromiseFromHandler (http://localhost:43401/__cypress/runner/cypress_runner.js:165351:31)\n    at Promise._settlePromise (http://localhost:43401/__cypress/runner/cypress_runner.js:165408:18)\n    at Promise._settlePromise0 (http://localhost:43401/__cypress/runner/cypress_runner.js:165453:10)\n    at Promise._settlePromises (http://localhost:43401/__cypress/runner/cypress_runner.js:165528:18)\n    at Async../node_modules/bluebird/js/release/async.js.Async._drainQueue (http://localhost:43401/__cypress/runner/cypress_runner.js:162140:16)\n    at Async../node_modules/bluebird/js/release/async.js.Async._drainQueues (http://localhost:43401/__cypress/runner/cypress_runner.js:162150:10)\n    at Async.drainQueues (http://localhost:43401/__cypress/runner/cypress_runner.js:162024:14)",
                "diff": null
              },
              "uuid": "f4b0b01d-88cf-4873-89ee-a6ca400c59c4",
              "parentUUID": "c24e0430-d4d8-40d0-85f4-0d23f048d85b",
              "isHook": false,
              "skipped": false
            }
          ],
          "suites": [],
          "passes": [],
          "failures": [
            "df3a4934-16de-42ea-a1b4-c6b4dce49a70",
            "f4b0b01d-88cf-4873-89ee-a6ca400c59c4"
          ],
          "pending": [],
          "skipped": [],
          "duration": 8649,
          "root": false,
          "rootEmpty": false,
          "_timeout": 2000
        }
      ],
      "passes": [],
      "failures": [],
      "pending": [],
      "skipped": [],
      "duration": 0,
      "root": true,
      "rootEmpty": true,
      "_timeout": 2000
    }
  ],
  "meta": {
    "mocha": {
      "version": "7.0.1"
    },
    "mochawesome": {
      "options": {
        "quiet": false,
        "reportFilename": "mochawesome",
        "saveHtml": false,
        "saveJson": true,
        "consoleReporter": "spec",
        "useInlineDiffs": false
      },
      "version": "4.1.0"
    },
    "marge": {
      "options": {
        "id": "default",
        "reportDir": "cypress/reports",
        "overwrite": true,
        "html": false,
        "json": true
      },
      "version": "4.1.0"
    }
  }
}